<?xml version="1.0" encoding="UTF-8"?>
<testng-results ignored="0" total="1" passed="1" failed="0" skipped="0">
  <reporter-output>
  </reporter-output>
  <suite started-at="2024-04-13T00:03:32 EDT" name="Default Suite" finished-at="2024-04-13T00:03:42 EDT" duration-ms="9944">
    <groups>
    </groups>
    <test started-at="2024-04-13T00:03:32 EDT" name="CuraHealthcareProject" finished-at="2024-04-13T00:03:42 EDT" duration-ms="9944">
      <class name="org.example.loginPageTest">
        <test-method is-config="true" signature="Testsetup()[pri:0, instance:org.example.loginPageTest@62e7f11d]" started-at="2024-04-13T00:03:32 EDT" name="Testsetup" finished-at="2024-04-13T00:03:40 EDT" duration-ms="7482" status="PASS">
          <reporter-output>
          </reporter-output>
        </test-method> <!-- Testsetup -->
        <test-method signature="loginPageTest()[pri:0, instance:org.example.loginPageTest@62e7f11d]" started-at="2024-04-13T00:03:40 EDT" name="loginPageTest" finished-at="2024-04-13T00:03:42 EDT" duration-ms="2292" status="PASS">
          <reporter-output>
          </reporter-output>
        </test-method> <!-- loginPageTest -->
        <test-method is-config="true" signature="Geardown()[pri:0, instance:org.example.loginPageTest@62e7f11d]" started-at="2024-04-13T00:03:42 EDT" name="Geardown" finished-at="2024-04-13T00:03:42 EDT" duration-ms="126" status="PASS">
          <reporter-output>
          </reporter-output>
        </test-method> <!-- Geardown -->
      </class> <!-- org.example.loginPageTest -->
    </test> <!-- CuraHealthcareProject -->
  </suite> <!-- Default Suite -->
</testng-results>
